\BOOKMARK [1][-]{section.1}{\376\377\000S\000o\000n\000g\000s}{}% 1
\BOOKMARK [2][-]{song1-1.2}{\376\377\0001\000.\000\040\0001\0009\0007\0000}{section.1}% 2
\BOOKMARK [2][-]{song1-2.2}{\376\377\0002\000.\000\040\0001\000\040\000S\000i\000g\000n\000\341\000l\000n\000\355}{section.1}% 3
\BOOKMARK [2][-]{song1-3.2}{\376\377\0003\000.\000\040\000A\000c\000c\000i\000d\000e\000n\000t\000a\000l\000l\000y\000\040\000I\000n\000\040\000L\000o\000v\000e}{section.1}% 4
\BOOKMARK [2][-]{song1-4.2}{\376\377\0004\000.\000\040\000A\000f\000r\000i\000c\000a}{section.1}% 5
\BOOKMARK [2][-]{song1-5.2}{\376\377\0005\000.\000\040\000A\000n\000d\001\033\000l}{section.1}% 6
\BOOKMARK [2][-]{song1-6.2}{\376\377\0006\000.\000\040\000A\000n\000i\000\040\000K\000\040\000S\000t\000\341\000r\000u}{section.1}% 7
\BOOKMARK [2][-]{song1-7.2}{\376\377\0007\000.\000\040\000A\001\176\000\040\000M\000i\000\040\000B\000u\000d\000e\000\040\000P\001\033\000t\000a\001\141\000e\000d\000e\000s\000\341\000t}{section.1}% 8
\BOOKMARK [2][-]{song1-8.2}{\376\377\0008\000.\000\040\000B\000a\000d\000\040\000B\000a\000d\000\040\000L\000e\000r\000o\000y\000\040\000B\000r\000o\000w\000n}{section.1}% 9
\BOOKMARK [2][-]{song1-9.2}{\376\377\0009\000.\000\040\000B\000a\000r\000o\000k\000o}{section.1}% 10
\BOOKMARK [2][-]{song1-10.2}{\376\377\0001\0000\000.\000\040\000B\000a\000t\000a\000l\000i\000o\000n}{section.1}% 11
\BOOKMARK [2][-]{song1-11.2}{\376\377\0001\0001\000.\000\040\000B\000e\000h\000i\000n\000d\000\040\000B\000l\000u\000e\000\040\000E\000y\000e\000s}{section.1}% 12
\BOOKMARK [2][-]{song1-12.2}{\376\377\0001\0002\000.\000\040\000B\000l\000\341\000z\000n\000o\000v\000a\000\040\000U\000k\000o\000l\000\351\000b\000a\000v\000k\000a}{section.1}% 13
\BOOKMARK [2][-]{song1-13.2}{\376\377\0001\0003\000.\000\040\000B\000l\000\355\001\176\000e\000n\000c\000i}{section.1}% 14
\BOOKMARK [2][-]{song1-14.2}{\376\377\0001\0004\000.\000\040\000B\000o\000l\000i\000\040\000S\000m\000e\000\040\000R\000a\000z\000\040\000M\000i\000l\000o\000v\000a\000n\000\355}{section.1}% 15
\BOOKMARK [2][-]{song1-15.2}{\376\377\0001\0005\000.\000\040\000B\000o\000u\000l\000e\000v\000a\000r\000d\000\040\000O\000f\000\040\000B\000r\000o\000k\000e\000n\000\040\000D\000r\000e\000a\000m\000s}{section.1}% 16
\BOOKMARK [2][-]{song1-16.2}{\376\377\0001\0006\000.\000\040\000B\000u\000d\000u\000\040\000V\001\141\000e\000c\000h\000n\000o\000\040\000C\000o\000\040\000S\000i\000\040\000B\000u\000d\000e\001\141\000\040\000P\001\131\000\341\000t}{section.1}% 17
\BOOKMARK [2][-]{song1-17.2}{\376\377\0001\0007\000.\000\040\000B\000\341\000r\000a}{section.1}% 18
\BOOKMARK [2][-]{song1-18.2}{\376\377\0001\0008\000.\000\040\000C\000e\000s\000t\000a}{section.1}% 19
\BOOKMARK [2][-]{song1-19.2}{\376\377\0001\0009\000.\000\040\000C\000e\000s\000t\000a\000\040\000Z\000\040\000M\001\033\000s\000t\000a}{section.1}% 20
\BOOKMARK [2][-]{song1-20.2}{\376\377\0002\0000\000.\000\040\000C\000h\000c\000i\000\040\000Z\000a\000s\000\040\000V\000\040\000T\000o\000b\001\033\000\040\000S\000p\000\341\000t}{section.1}% 21
\BOOKMARK [2][-]{song1-21.2}{\376\377\0002\0001\000.\000\040\000C\000o\000\040\000Z\000\040\000T\000e\000b\000e\000\040\000B\000u\000d\000e}{section.1}% 22
\BOOKMARK [2][-]{song1-22.2}{\376\377\0002\0002\000.\000\040\000D\000a\000r\000m\000o\000d\001\033\000j}{section.1}% 23
\BOOKMARK [2][-]{song1-23.2}{\376\377\0002\0003\000.\000\040\000D\000e\000j\000\040\000M\000i\000\040\000V\000\355\000c\000\040\000S\000v\000\351\000\040\000L\000\341\000s\000k\000y}{section.1}% 24
\BOOKMARK [2][-]{song1-24.2}{\376\377\0002\0004\000.\000\040\000D\000e\000m\000o\000n\000s}{section.1}% 25
\BOOKMARK [2][-]{song1-25.2}{\376\377\0002\0005\000.\000\040\000D\000l\000o\000u\000h\000e\000j\000\040\000K\000o\000u\001\131}{section.1}% 26
\BOOKMARK [2][-]{song1-26.2}{\376\377\0002\0006\000.\000\040\000D\000o\000\040\000N\000e\000b\000e}{section.1}% 27
\BOOKMARK [2][-]{song1-27.2}{\376\377\0002\0007\000.\000\040\000D\000o\000b\000r\000\341\000k\000\040\000O\000d\000\040\000K\000o\000s\000t\000i}{section.1}% 28
\BOOKMARK [2][-]{song1-28.2}{\376\377\0002\0008\000.\000\040\000D\000o\000n\000t\000\040\000L\000o\000o\000k\000\040\000B\000a\000c\000k\000\040\000I\000n\000\040\000A\000n\000g\000e\000r}{section.1}% 29
\BOOKMARK [2][-]{song1-29.2}{\376\377\0002\0009\000.\000\040\000D\000r\000i\000v\000e\000\040\000B\000y}{section.1}% 30
\BOOKMARK [2][-]{song1-30.2}{\376\377\0003\0000\000.\000\040\000D\000r\000o\000b\000n\000\341\000\040\000P\000a\000r\000a\000l\000e\000l\000a}{section.1}% 31
\BOOKMARK [2][-]{song1-31.2}{\376\377\0003\0001\000.\000\040\000D\000u\001\141\000e\000\040\000Z\000\040\000G\000u\000m\000y}{section.1}% 32
\BOOKMARK [2][-]{song1-32.2}{\376\377\0003\0002\000.\000\040\000F\000a\000i\000r\000\040\000P\000l\000a\000y}{section.1}% 33
\BOOKMARK [2][-]{song1-33.2}{\376\377\0003\0003\000.\000\040\000G\000e\000t\000\040\000L\000u\000c\000k\000y}{section.1}% 34
\BOOKMARK [2][-]{song1-34.2}{\376\377\0003\0004\000.\000\040\000G\000o\000o\000d\000\040\000R\000i\000d\000d\000a\000n\000c\000e\000\040\000T\000i\000m\000e\000\040\000O\000f\000\040\000Y\000o\000u\000r\000\040\000L\000i\000f\000e}{section.1}% 35
\BOOKMARK [2][-]{song1-35.2}{\376\377\0003\0005\000.\000\040\000G\000r\000\363\000n\000s\000k\000\341\000\040\000p\000\355\000s\000n\000i\001\015\000k\000a}{section.1}% 36
\BOOKMARK [2][-]{song1-36.2}{\376\377\0003\0006\000.\000\040\000H\000a\000l\000l\000e\000l\000u\000j\000a\000h}{section.1}% 37
\BOOKMARK [2][-]{song1-37.2}{\376\377\0003\0007\000.\000\040\000H\000e\000r\000o}{section.1}% 38
\BOOKMARK [2][-]{song1-38.2}{\376\377\0003\0008\000.\000\040\000H\000e\000y\000\040\000S\000o\000u\000l\000\040\000S\000i\000s\000t\000e\000r}{section.1}% 39
\BOOKMARK [2][-]{song1-39.2}{\376\377\0003\0009\000.\000\040\000H\000e\000y\000\040\000T\000h\000e\000r\000e\000\040\000D\000e\000l\000i\000l\000a\000h}{section.1}% 40
\BOOKMARK [2][-]{song1-40.2}{\376\377\0004\0000\000.\000\040\000H\000l\000u\000p\000\341\000k\000\040\000V\000\341\000h\000\341}{section.1}% 41
\BOOKMARK [2][-]{song1-41.2}{\376\377\0004\0001\000.\000\040\000H\000l\000\355\000d\000a\001\015\000\040\000K\000r\000a\000v}{section.1}% 42
\BOOKMARK [2][-]{song1-42.2}{\376\377\0004\0002\000.\000\040\000H\000o\000l\000k\000y\000\040\000T\000o\000\040\000O\000b\000j\000e\000k\000t\000i\000v\000n\001\033\000\040\000L\000e\000h\001\015\000\355\000\040\000M\000a\000j}{section.1}% 43
\BOOKMARK [2][-]{song1-43.2}{\376\377\0004\0003\000.\000\040\000H\000o\000l\000l\000y\000w\000o\000o\000d\000\040\000H\000i\000l\000l\000s}{section.1}% 44
\BOOKMARK [2][-]{song1-44.2}{\376\377\0004\0004\000.\000\040\000H\000o\000n\000e\000y\000\040\000H\000o\000n\000e\000y}{section.1}% 45
\BOOKMARK [2][-]{song1-45.2}{\376\377\0004\0005\000.\000\040\000H\000o\000t\000e\000l\000\040\000C\000a\000l\000i\000f\000o\000r\000n\000i\000a}{section.1}% 46
\BOOKMARK [2][-]{song1-46.2}{\376\377\0004\0006\000.\000\040\000H\000r\000o\000b\000a\000r}{section.1}% 47
\BOOKMARK [2][-]{song1-47.2}{\376\377\0004\0007\000.\000\040\000H\000r\000u\001\141\000k\000a}{section.1}% 48
\BOOKMARK [2][-]{song1-48.2}{\376\377\0004\0008\000.\000\040\000I\000m\000\040\000A\000\040\000B\000e\000l\000i\000e\000v\000e\000r}{section.1}% 49
\BOOKMARK [2][-]{song1-49.2}{\376\377\0004\0009\000.\000\040\000I\000m\000\040\000Y\000o\000u\000r\000s}{section.1}% 50
\BOOKMARK [2][-]{song1-50.2}{\376\377\0005\0000\000.\000\040\000J\000a\000r\000n\000\355\000\040\000T\000\341\000n\000\355}{section.1}% 51
\BOOKMARK [2][-]{song1-51.2}{\376\377\0005\0001\000.\000\040\000J\000a\000s\000n\000\341\000\040\000Z\000p\000r\000\341\000v\000a}{section.1}% 52
\BOOKMARK [2][-]{song1-52.2}{\376\377\0005\0002\000.\000\040\000J\000d\000o\000u\000\040\000P\000o\000\040\000M\000n\001\033\000\040\000J\000d\000o\000u}{section.1}% 53
\BOOKMARK [2][-]{song1-53.2}{\376\377\0005\0003\000.\000\040\000J\000o\001\176\000i\000n\000\040\000Z\000\040\000B\000a\001\176\000i\000n}{section.1}% 54
\BOOKMARK [2][-]{song1-54.2}{\376\377\0005\0004\000.\000\040\000K\000a\001\176\000d\000\375\000\040\000R\000\341\000n\000o}{section.1}% 55
\BOOKMARK [2][-]{song1-55.2}{\376\377\0005\0005\000.\000\040\000K\000d\000o\000\040\000V\000c\000h\000\341\000z\000\355\000\040\000D\000o\000\040\000T\000v\000\375\000c\000h\000\040\000S\000n\001\157\000\040\000M\000\341\000\040\000L\000\341\000s\000k\000o}{section.1}% 56
\BOOKMARK [2][-]{song1-56.2}{\376\377\0005\0006\000.\000\040\000K\000d\000y\001\176\000\040\000N\000e\000m\001\157\001\176\000e\001\141\000\040\000T\000a\000k\000\040\000P\001\131\000i\000d\000e\000j}{section.1}% 57
\BOOKMARK [2][-]{song1-57.2}{\376\377\0005\0007\000.\000\040\000K\000r\000\341\000t\000k\000e\000\040\000L\000\341\000s\000k\000y}{section.1}% 58
\BOOKMARK [2][-]{song1-58.2}{\376\377\0005\0008\000.\000\040\000K\000u\000p\000t\000e\000\040\000S\000i\000\040\000H\001\131\000e\000b\000e\000n\000y}{section.1}% 59
\BOOKMARK [2][-]{song1-59.2}{\376\377\0005\0009\000.\000\040\000K\000u\000t\000i\000l}{section.1}% 60
\BOOKMARK [2][-]{song1-60.2}{\376\377\0006\0000\000.\000\040\000K\001\131\000\355\000d\000l\000a\000\040\000Z\000\040\000M\000\375\000d\000l\000a}{section.1}% 61
\BOOKMARK [2][-]{song1-61.2}{\376\377\0006\0001\000.\000\040\000L\000a\000c\000h\000t\000a\000n\000i}{section.1}% 62
\BOOKMARK [2][-]{song1-62.2}{\376\377\0006\0002\000.\000\040\000L\000e\000a\000v\000i\000n\000g\000\040\000O\000n\000\040\000A\000\040\000J\000e\000t\000\040\000P\000l\000a\000n\000e}{section.1}% 63
\BOOKMARK [2][-]{song1-63.2}{\376\377\0006\0003\000.\000\040\000L\000e\000t\000\040\000H\000e\000r\000\040\000G\000o}{section.1}% 64
\BOOKMARK [2][-]{song1-64.2}{\376\377\0006\0004\000.\000\040\000L\000e\000t\000\040\000I\000t\000\040\000B\000e}{section.1}% 65
\BOOKMARK [2][-]{song1-65.2}{\376\377\0006\0005\000.\000\040\000L\000e\000t\000\040\000I\000t\000\040\000G\000o}{section.1}% 66
\BOOKMARK [2][-]{song1-66.2}{\376\377\0006\0006\000.\000\040\000L\000i\000v\000i\000n\000g\000\040\000N\000e\000x\000t\000\040\000D\000o\000o\000r\000\040\000T\000o\000\040\000A\000l\000i\000c\000e}{section.1}% 67
\BOOKMARK [2][-]{song1-67.2}{\376\377\0006\0007\000.\000\040\000L\000\341\000s\000k\000a\000\040\000N\000a\000\040\000V\000s\000i}{section.1}% 68
\BOOKMARK [2][-]{song1-68.2}{\376\377\0006\0008\000.\000\040\000M\000a\000g\000d\000a\000l\000e\000n\000a}{section.1}% 69
\BOOKMARK [2][-]{song1-69.2}{\376\377\0006\0009\000.\000\040\000M\000a\000l\000o\000v\000\341\000n\000\355}{section.1}% 70
\BOOKMARK [2][-]{song1-70.2}{\376\377\0007\0000\000.\000\040\000M\000a\000l\000\341\000\040\000D\000\341\000m\000a}{section.1}% 71
\BOOKMARK [2][-]{song1-71.2}{\376\377\0007\0001\000.\000\040\000M\000a\000m\000m\000a\000\040\000M\000i\000a}{section.1}% 72
\BOOKMARK [2][-]{song1-72.2}{\376\377\0007\0002\000.\000\040\000M\000a\000r\000i\000e}{section.1}% 73
\BOOKMARK [2][-]{song1-73.2}{\376\377\0007\0003\000.\000\040\000M\000a\000t\000f\000y\000z\000\341\000k\000\040\000N\000a\000\040\000D\000i\000s\000c\000u}{section.1}% 74
\BOOKMARK [2][-]{song1-74.2}{\376\377\0007\0004\000.\000\040\000M\000i\000k\000y\000m\000a\000u\000z}{section.1}% 75
\BOOKMARK [2][-]{song1-75.2}{\376\377\0007\0005\000.\000\040\000M\000i\000l\000e\000n\000c\000i\000\040\000V\000\040\000T\000e\000x\000a\000s\000k\000\341\000c\000h}{section.1}% 76
\BOOKMARK [2][-]{song1-76.2}{\376\377\0007\0006\000.\000\040\000M\000i\000l\000l\000i\000o\000n\000\040\000R\000e\000a\000s\000o\000n\000s}{section.1}% 77
\BOOKMARK [2][-]{song1-77.2}{\376\377\0007\0007\000.\000\040\000M\000i\000m\000o\000r\000e\000a\000l\000i\000t\000a}{section.1}% 78
\BOOKMARK [2][-]{song1-78.2}{\376\377\0007\0008\000.\000\040\000M\000i\000n\000u\000l\000o\000s\000t}{section.1}% 79
\BOOKMARK [2][-]{song1-79.2}{\376\377\0007\0009\000.\000\040\000M\000r\000s\000\040\000R\000o\000b\000i\000n\000s\000o\000n}{section.1}% 80
\BOOKMARK [2][-]{song1-80.2}{\376\377\0008\0000\000.\000\040\000M\000\341\000m\000\040\000D\000o\000m\000a\000\040\000K\000o\001\015\000k\000u}{section.1}% 81
\BOOKMARK [2][-]{song1-81.2}{\376\377\0008\0001\000.\000\040\000M\000\341\000m\000\040\000J\000i\000z\000v\000u\000\040\000N\000a\000\040\000R\000t\000u}{section.1}% 82
\BOOKMARK [2][-]{song1-82.2}{\376\377\0008\0002\000.\000\040\000M\001\157\000j\000\040\000S\000v\001\033\000t}{section.1}% 83
\BOOKMARK [2][-]{song1-83.2}{\376\377\0008\0003\000.\000\040\000N\000a\000g\000a\000s\000a\000k\000i\000\040\000H\000i\000r\000o\001\141\000i\000m\000a}{section.1}% 84
\BOOKMARK [2][-]{song1-84.2}{\376\377\0008\0004\000.\000\040\000N\000e\000c\000h\000t\000e\000\040\000Z\000v\000o\000n\000y\000\040\000Z\000n\000\355\000t}{section.1}% 85
\BOOKMARK [2][-]{song1-85.2}{\376\377\0008\0005\000.\000\040\000N\000e\000t\000u\001\141\000i\000m}{section.1}% 86
\BOOKMARK [2][-]{song1-86.2}{\376\377\0008\0006\000.\000\040\000O\000k\000n\000o\000\040\000M\000\351\000\040\000L\000\341\000s\000k\000y}{section.1}% 87
\BOOKMARK [2][-]{song1-87.2}{\376\377\0008\0007\000.\000\040\000O\000n\000\040\000T\000o\000p\000\040\000O\000f\000\040\000T\000h\000e\000\040\000W\000o\000r\000l\000d}{section.1}% 88
\BOOKMARK [2][-]{song1-88.2}{\376\377\0008\0008\000.\000\040\000O\000s\000m\000\375\000\040\000D\000e\000n}{section.1}% 89
\BOOKMARK [2][-]{song1-89.2}{\376\377\0008\0009\000.\000\040\000P\000a\000n\000i\000c}{section.1}% 90
\BOOKMARK [2][-]{song1-90.2}{\376\377\0009\0000\000.\000\040\000P\000a\001\176\000i\000t\000k\000a}{section.1}% 91
\BOOKMARK [2][-]{song1-91.2}{\376\377\0009\0001\000.\000\040\000P\000e\000r\000f\000e\000c\000t}{section.1}% 92
\BOOKMARK [2][-]{song1-92.2}{\376\377\0009\0002\000.\000\040\000P\000i\000a\000n\000o\000\040\000M\000a\000n}{section.1}% 93
\BOOKMARK [2][-]{song1-93.2}{\376\377\0009\0003\000.\000\040\000P\000o\000c\000i\000t\000y}{section.1}% 94
\BOOKMARK [2][-]{song1-94.2}{\376\377\0009\0004\000.\000\040\000P\000o\000h\000o\000d\000a}{section.1}% 95
\BOOKMARK [2][-]{song1-95.2}{\376\377\0009\0005\000.\000\040\000P\000o\000m\000p\000e\000i\000i}{section.1}% 96
\BOOKMARK [2][-]{song1-96.2}{\376\377\0009\0006\000.\000\040\000P\000r\000o\000k\000l\000\355\000n\000\341\000m}{section.1}% 97
\BOOKMARK [2][-]{song1-97.2}{\376\377\0009\0007\000.\000\040\000P\000r\000o\000m\001\033\000n\000y}{section.1}% 98
\BOOKMARK [2][-]{song1-98.2}{\376\377\0009\0008\000.\000\040\000R\000i\000n\000g\000-\000O\000-\000D\000i\000n\000g}{section.1}% 99
\BOOKMARK [2][-]{song1-99.2}{\376\377\0009\0009\000.\000\040\000R\000i\000p\000t\000i\000d\000e}{section.1}% 100
\BOOKMARK [2][-]{song1-100.2}{\376\377\0001\0000\0000\000.\000\040\000R\000u\000n\000a\000w\000a\000y\000\040\000T\000r\000a\000i\000n}{section.1}% 101
\BOOKMARK [2][-]{song1-101.2}{\376\377\0001\0000\0001\000.\000\040\000R\000\341\000d\000a\000\040\000S\000e\000\040\000M\000i\000l\000u\000j\000e}{section.1}% 102
\BOOKMARK [2][-]{song1-102.2}{\376\377\0001\0000\0002\000.\000\040\000S\000b\000o\000h\000e\000m\000\040\000G\000a\000l\000\341\000n\000e\001\015\000k\000o}{section.1}% 103
\BOOKMARK [2][-]{song1-103.2}{\376\377\0001\0000\0003\000.\000\040\000S\000b\000\355\000r\000k\000a\000\040\000Z\000v\000a\000d\000l\000e\000j\000c\000h\000\040\000R\001\157\001\176\000\355}{section.1}% 104
\BOOKMARK [2][-]{song1-104.2}{\376\377\0001\0000\0004\000.\000\040\000S\000l\000z\000y\000\040\000T\000v\000\375\000\040\000M\000\341\000m\000y}{section.1}% 105
\BOOKMARK [2][-]{song1-105.2}{\376\377\0001\0000\0005\000.\000\040\000S\000r\000d\000c\000e\000\040\000J\000a\000k\000o\000\040\000K\000n\000i\000z\000e\000\040\000R\000o\000h\000a\000n}{section.1}% 106
\BOOKMARK [2][-]{song1-106.2}{\376\377\0001\0000\0006\000.\000\040\000S\000t\000a\000r\000\375\000\040\000M\000u\001\176}{section.1}% 107
\BOOKMARK [2][-]{song1-107.2}{\376\377\0001\0000\0007\000.\000\040\000S\000t\000i\000t\000c\000h\000e\000s}{section.1}% 108
\BOOKMARK [2][-]{song1-108.2}{\376\377\0001\0000\0008\000.\000\040\000S\000v\000a\000z\000\040\001\014\000e\000s\000k\000\375\000c\000h\000\040\000B\000o\000h\000\351\000m\001\157}{section.1}% 109
\BOOKMARK [2][-]{song1-109.2}{\376\377\0001\0000\0009\000.\000\040\000S\000\341\000r\000o}{section.1}% 110
\BOOKMARK [2][-]{song1-110.2}{\376\377\0001\0001\0000\000.\000\040\000T\000h\000i\000n\000k\000i\000n\000g\000\040\000O\000u\000t\000\040\000L\000o\000u\000d}{section.1}% 111
\BOOKMARK [2][-]{song1-111.2}{\376\377\0001\0001\0001\000.\000\040\000T\000h\000i\000s\000\040\000I\000s\000\040\000T\000h\000e\000\040\000L\000i\000f\000e}{section.1}% 112
\BOOKMARK [2][-]{song1-112.2}{\376\377\0001\0001\0002\000.\000\040\000T\000o\000u\000h\000a}{section.1}% 113
\BOOKMARK [2][-]{song1-113.2}{\376\377\0001\0001\0003\000.\000\040\000T\000o\000u\000l\000a\000v\000e\000j}{section.1}% 114
\BOOKMARK [2][-]{song1-114.2}{\376\377\0001\0001\0004\000.\000\040\000T\001\033\001\141\000\355\000n\000s\000k\000\341}{section.1}% 115
\BOOKMARK [2][-]{song1-115.2}{\376\377\0001\0001\0005\000.\000\040\000T\001\131\000i\000\040\000K\001\131\000\355\001\176\000e}{section.1}% 116
\BOOKMARK [2][-]{song1-116.2}{\376\377\0001\0001\0006\000.\000\040\000U\000l\000i\000c\000a}{section.1}% 117
\BOOKMARK [2][-]{song1-117.2}{\376\377\0001\0001\0007\000.\000\040\000U\000m\000b\000r\000e\000l\000l\000a}{section.1}% 118
\BOOKMARK [2][-]{song1-118.2}{\376\377\0001\0001\0008\000.\000\040\000U\000n\000t\000i\000t\000l\000e\000d}{section.1}% 119
\BOOKMARK [2][-]{song1-119.2}{\376\377\0001\0001\0009\000.\000\040\000V\000\040\0007\000\040\0002\0005}{section.1}% 120
\BOOKMARK [2][-]{song1-120.2}{\376\377\0001\0002\0000\000.\000\040\000V\000\040\000L\000e\000s\000e}{section.1}% 121
\BOOKMARK [2][-]{song1-121.2}{\376\377\0001\0002\0001\000.\000\040\000V\000e\001\017\000\040\000m\001\033\000\040\000d\000\341\000l\000,\000\040\000c\000e\000s\000t\000o\000\040\000m\000\341}{section.1}% 122
\BOOKMARK [2][-]{song1-122.2}{\376\377\0001\0002\0002\000.\000\040\000V\000i\000v\000a\000\040\000L\000a\000\040\000V\000i\000d\000a}{section.1}% 123
\BOOKMARK [2][-]{song1-123.2}{\376\377\0001\0002\0003\000.\000\040\000V\000y\000m\000l\000\341\000c\000e\000n\000\375\000\040\000E\000n\000t\000r\000y}{section.1}% 124
\BOOKMARK [2][-]{song1-124.2}{\376\377\0001\0002\0004\000.\000\040\000V\000y\000m\000y\000s\000l\000e\000n\000\341}{section.1}% 125
\BOOKMARK [2][-]{song1-125.2}{\376\377\0001\0002\0005\000.\000\040\000V\001\015\000e\000l\000\355\000n}{section.1}% 126
\BOOKMARK [2][-]{song1-126.2}{\376\377\0001\0002\0006\000.\000\040\000W\000a\000t\000e\000r\000l\000o\000o}{section.1}% 127
\BOOKMARK [2][-]{song1-127.2}{\376\377\0001\0002\0007\000.\000\040\000W\000h\000e\000n\000\040\000A\000l\000l\000\040\000I\000s\000\040\000S\000a\000i\000d\000\040\000A\000n\000d\000\040\000D\000o\000n\000e}{section.1}% 128
\BOOKMARK [2][-]{song1-128.2}{\376\377\0001\0002\0008\000.\000\040\000W\000h\000e\000n\000\040\000Y\000o\000u\000r\000e\000\040\000G\000o\000n\000e}{section.1}% 129
\BOOKMARK [2][-]{song1-129.2}{\376\377\0001\0002\0009\000.\000\040\000W\000i\000t\000h\000\040\000O\000r\000\040\000W\000i\000t\000h\000o\000u\000t\000\040\000Y\000o\000u}{section.1}% 130
\BOOKMARK [2][-]{song1-130.2}{\376\377\0001\0003\0000\000.\000\040\000W\000o\000n\000d\000e\000r\000w\000a\000l\000l}{section.1}% 131
\BOOKMARK [2][-]{song1-131.2}{\376\377\0001\0003\0001\000.\000\040\000Z\000a\000l\001\157\000b\000e\000n\000\355}{section.1}% 132
\BOOKMARK [2][-]{song1-132.2}{\376\377\0001\0003\0002\000.\000\040\000Z\000a\000n\000e\000d\000b\000a\000n\000\375\000\040\000S\000e\000x}{section.1}% 133
\BOOKMARK [2][-]{song1-133.2}{\376\377\0001\0003\0003\000.\000\040\000Z\000o\000m\000b\000i\000e}{section.1}% 134
\BOOKMARK [2][-]{song1-134.2}{\376\377\0001\0003\0004\000.\000\040\001\014\000a\000r\000o\000d\001\033\000j\000n\000i\000c\000e\000\040\000Z\000\040\000A\000m\000e\000s\000b\000u\000r\000y}{section.1}% 135
\BOOKMARK [2][-]{song1-135.2}{\376\377\0001\0003\0005\000.\000\040\001\014\000e\000r\000n\000\355\000\040\000a\000n\000d\001\033\000l\000\351}{section.1}% 136
\BOOKMARK [2][-]{song1-136.2}{\376\377\0001\0003\0006\000.\000\040\001\140\000a\000m\000a\000n}{section.1}% 137
\BOOKMARK [2][-]{song1-137.2}{\376\377\0001\0003\0007\000.\000\040\001\140\000r\000o\000u\000b\000y\000\040\000A\000\040\000M\000a\000t\000i\000c\000e}{section.1}% 138
\BOOKMARK [2][-]{song1-138.2}{\376\377\0001\0003\0008\000.\000\040\000B\000e\000t\000t\000e\000r\000\040\000T\000o\000g\000e\000t\000h\000e\000r}{section.1}% 139
\BOOKMARK [2][-]{song1-139.2}{\376\377\0001\0003\0009\000.\000\040\000B\000r\000a\000n\000d\000y\000\040\000Y\000o\000u\000r\000e\000\040\000A\000\040\000F\000i\000n\000e\000\040\000G\000i\000r\000l}{section.1}% 140
\BOOKMARK [2][-]{song1-140.2}{\376\377\0001\0004\0000\000.\000\040\000L\000e\000t\000\040\000M\000y\000\040\000L\000o\000v\000e\000\040\000O\000p\000e\000n\000\040\000T\000h\000e\000\040\000D\000o\000o\000r}{section.1}% 141
\BOOKMARK [2][-]{song1-141.2}{\376\377\0001\0004\0001\000.\000\040\000M\000a\000n\000d\000y}{section.1}% 142
\BOOKMARK [2][-]{song1-142.2}{\376\377\0001\0004\0002\000.\000\040\000M\000m\000m\000\040\000M\000m\000m\000\040\000M\000m\000m\000\040\000M\000m\000m}{section.1}% 143
\BOOKMARK [2][-]{song1-143.2}{\376\377\0001\0004\0003\000.\000\040\000S\000w\000e\000e\000t\000\040\000C\000h\000i\000l\000d\000\040\000O\000\040\000M\000i\000n\000e}{section.1}% 144
\BOOKMARK [2][-]{song1-144.2}{\376\377\0001\0004\0004\000.\000\040\000T\000a\000k\000e\000\040\000I\000t\000\040\000E\000a\000s\000y}{section.1}% 145
\BOOKMARK [2][-]{song1-145.2}{\376\377\0001\0004\0005\000.\000\040\000T\000h\000e\000\040\000W\000e\000i\000g\000h\000t}{section.1}% 146
\BOOKMARK [2][-]{song1-146.2}{\376\377\0001\0004\0006\000.\000\040\000W\000a\000i\000t\000i\000n\000g\000\040\000O\000n\000\040\000T\000h\000e\000\040\000W\000o\000r\000l\000d\000\040\000T\000o\000\040\000C\000h\000a\000n\000g\000e}{section.1}% 147
\BOOKMARK [2][-]{song1-147.2}{\376\377\0001\0004\0007\000.\000\040\000H\000o\000u\000s\000e\000\040\000O\000f\000\040\000M\000e\000m\000o\000r\000i\000e\000s}{section.1}% 148
\BOOKMARK [2][-]{song1-148.2}{\376\377\0001\0004\0008\000.\000\040\000L\000o\000v\000e\000\040\000A\000g\000a\000i\000n}{section.1}% 149
\BOOKMARK [2][-]{song1-149.2}{\376\377\0001\0004\0009\000.\000\040\000M\000a\000t\000f\000y\000z\000\341\000k\000\040\000N\000a\000\040\000D\000i\000s\000c\000u}{section.1}% 150
\BOOKMARK [2][-]{song1-150.2}{\376\377\0001\0005\0000\000.\000\040\000S\000w\000e\000a\000t\000e\000r\000\040\000W\000e\000a\000t\000h\000e\000r}{section.1}% 151
\BOOKMARK [2][-]{song1-151.2}{\376\377\0001\0005\0001\000.\000\040\000T\000h\000e\000\040\000M\000i\000d\000d\000l\000e}{section.1}% 152
\BOOKMARK [2][-]{song1-152.2}{\376\377\0001\0005\0002\000.\000\040\000T\000h\000e\000\040\000S\000a\000g\000a\000\040\000B\000e\000g\000i\000n\000s}{section.1}% 153
\BOOKMARK [2][-]{song1-153.2}{\376\377\0001\0005\0003\000.\000\040\000A\000y\000o\000\040\000T\000e\000c\000h\000n\000o\000l\000o\000g\000y}{section.1}% 154
\BOOKMARK [2][-]{song1-154.2}{\376\377\0001\0005\0004\000.\000\040\000B\000r\000e\000a\000k\000f\000a\000s\000t\000\040\000A\000t\000\040\000T\000i\000f\000f\000a\000n\000y\000s}{section.1}% 155
\BOOKMARK [2][-]{song1-155.2}{\376\377\0001\0005\0005\000.\000\040\000D\000o\000n\000t\000\040\000G\000o\000\040\000B\000r\000e\000a\000k\000i\000n\000g\000\040\000M\000y\000\040\000H\000e\000a\000r\000t}{section.1}% 156
\BOOKMARK [2][-]{song1-156.2}{\376\377\0001\0005\0006\000.\000\040\000J\000d\000e\000v\000o\000z\000e\000m}{section.1}% 157
\BOOKMARK [2][-]{song1-157.2}{\376\377\0001\0005\0007\000.\000\040\000N\000o\000t\000\040\000F\000a\000i\000r}{section.1}% 158
